=========================================================================
=======================   START LOGGING TWEAKS...  ======================
======================= AIO v.2.8.6  -  2020.04.04 ======================
================ MAZ_CMU-150_59.00.449A  Flavor cmu150_EU ===============
======================= CMU_SW_VER = 59.00.449A-EU ======================
=======================  COMPATIBILITY_GROUP  = 4 =======================

=======================   MYDIR = /tmp/mnt/sda1    ======================
==================      DATE = 06/12/21 15:21:55        =================
===         Copytest to sd card successful, mount point is OK         ===
 
=======        Detected compatible version 59.00.449A-EU          =======
 
======***********    BEGIN PRE-INSTALL OPERATIONS ...    **********======
================== Remounted /tmp/mnt/resources =========================
================== Backup of sm.conf.org already there! =================
=====================  Watchdog Already Disabled! =======================
================== Backup of opera.ini already there! ===================
============== Userjs & File Xmlhttprequest Already Enabled =============
======================= data_persist 2% used ===========================
======================== rootfs 80% used ================================
====================== resources 74% used ===============================
=========************ END PRE-INSTALL OPERATIONS ***************=========
 
======***********    UNINSTALL BACKGROUND ROTATOR ...    **********======
===            Removed MZD-AIO-TI Custom CSS in common.css            ===
=====*********** END UNINSTALLATION OF BACKGROUND ROTATOR **********=====
 
============****** INSTALL STATUSBAR COLOR TWEAKS ...  ********==========
===               Removed CSS From StatusBarCtrl.css                  ===
===               Removed CSS From SbnCtrl.css                        ===
===                  CSS Added for Statusbar tweaks                   ===
 
=======**************  INSTALL MAIN MENU TWEAKS ... **************=======
===               Removed CSS From MainMenuCtrl.css                   ===
===                     Added CSS for Small Coins                     ===
===                     Modified  MainMenuCtrl.css                    ===
=====**********   END INSTALLATION OF MAIN MENU TWEAKS    **********=====
 
=======*********  INSTALL CHANGE BACKGROUND IMAGE ...   *********========
===             Previous Infotainment Background Saved To:            === 
===                /tmp/mnt/sda1/bakups/background.png                ===
===                   Background Image Changed                        ===
======*********** END INSTALLATION OF BACKGROUND IMAGE ***********=======
 
=====********** INSTALL OFF SCREEN BACKGROUND IMAGE ...  ***********=====
===                 Replaced Off Screen Background Image              ===
====********* END INSTALLATION OFF SCREEN BACKGROUND IMAGE **********====
 
======================== rootfs 80% used ================================
====================== resources 74% used ===============================
======================= END OF TWEAKS INSTALLATION ======================
